2024-12-02 10:45:52.477  INFO 24388 --- [main] com.revature.SpringJsApplicationTests    : Starting SpringJsApplicationTests using Java 1.8.0_332 on Rev-PF3BP04L with PID 24388 (started by BrianArayathel in C:\Users\BrianArayathel\Programming\SpringProjects\SpringJS)
2024-12-02 10:45:52.484  INFO 24388 --- [main] com.revature.SpringJsApplicationTests    : No active profile set, falling back to 1 default profile: "default"
2024-12-02 10:45:53.464  INFO 24388 --- [main] .s.d.r.c.RepositoryConfigurationDelegate : Bootstrapping Spring Data JPA repositories in DEFAULT mode.
2024-12-02 10:45:53.517  INFO 24388 --- [main] .s.d.r.c.RepositoryConfigurationDelegate : Finished Spring Data repository scanning in 42 ms. Found 1 JPA repository interfaces.
2024-12-02 10:45:54.422  INFO 24388 --- [main] o.hibernate.jpa.internal.util.LogHelper  : HHH000204: Processing PersistenceUnitInfo [name: default]
2024-12-02 10:45:54.498  INFO 24388 --- [main] org.hibernate.Version                    : HHH000412: Hibernate ORM core version 5.6.10.Final
2024-12-02 10:45:54.765  INFO 24388 --- [main] o.hibernate.annotations.common.Version   : HCANN000001: Hibernate Commons Annotations {5.1.2.Final}
2024-12-02 10:45:55.146  INFO 24388 --- [main] com.zaxxer.hikari.HikariDataSource       : HikariPool-1 - Starting...
2024-12-02 10:45:55.382  INFO 24388 --- [main] com.zaxxer.hikari.HikariDataSource       : HikariPool-1 - Start completed.
2024-12-02 10:45:55.431  INFO 24388 --- [main] org.hibernate.dialect.Dialect            : HHH000400: Using dialect: org.hibernate.dialect.H2Dialect
2024-12-02 10:45:56.360  INFO 24388 --- [main] o.h.e.t.j.p.i.JtaPlatformInitiator       : HHH000490: Using JtaPlatform implementation: [org.hibernate.engine.transaction.jta.platform.internal.NoJtaPlatform]
2024-12-02 10:45:56.371  INFO 24388 --- [main] j.LocalContainerEntityManagerFactoryBean : Initialized JPA EntityManagerFactory for persistence unit 'default'
2024-12-02 10:45:57.628  WARN 24388 --- [main] JpaBaseConfiguration$JpaWebConfiguration : spring.jpa.open-in-view is enabled by default. Therefore, database queries may be performed during view rendering. Explicitly configure spring.jpa.open-in-view to disable this warning
2024-12-02 10:45:58.175  INFO 24388 --- [main] o.s.b.a.h2.H2ConsoleAutoConfiguration    : H2 console available at '/h2-console'. Database available at 'jdbc:h2:mem:testdb'
2024-12-02 10:45:58.186  INFO 24388 --- [main] o.s.b.a.w.s.WelcomePageHandlerMapping    : Adding welcome page: class path resource [static/index.html]
2024-12-02 10:45:59.152  WARN 24388 --- [main] ion$DefaultTemplateResolverConfiguration : Cannot find template location: classpath:/templates/ (please add some templates or check your Thymeleaf configuration)
2024-12-02 10:45:59.740  INFO 24388 --- [main] o.s.b.a.e.web.EndpointLinksResolver      : Exposing 1 endpoint(s) beneath base path '/actuator'
2024-12-02 10:45:59.803  INFO 24388 --- [main] com.revature.SpringJsApplicationTests    : Started SpringJsApplicationTests in 7.623 seconds (JVM running for 8.946)
2024-12-02 10:45:59.995  INFO 24388 --- [SpringApplicationShutdownHook] j.LocalContainerEntityManagerFactoryBean : Closing JPA EntityManagerFactory for persistence unit 'default'
2024-12-02 10:45:59.998  INFO 24388 --- [SpringApplicationShutdownHook] com.zaxxer.hikari.HikariDataSource       : HikariPool-1 - Shutdown initiated...
2024-12-02 10:46:00.011  INFO 24388 --- [SpringApplicationShutdownHook] com.zaxxer.hikari.HikariDataSource       : HikariPool-1 - Shutdown completed.
2024-12-02 10:46:32.662  INFO 25480 --- [main] com.revature.SpringJsApplication         : Starting SpringJsApplication v0.0.1-SNAPSHOT using Java 17.0.12 on Rev-PF3BP04L with PID 25480 (C:\Users\BrianArayathel\Programming\SpringProjects\SpringJS\target\SpringJS-0.0.1-SNAPSHOT.war started by BrianArayathel in C:\Users\BrianArayathel\Programming\SpringProjects\SpringJS)
2024-12-02 10:46:32.665  INFO 25480 --- [main] com.revature.SpringJsApplication         : No active profile set, falling back to 1 default profile: "default"
2024-12-02 10:46:33.521  INFO 25480 --- [main] .s.d.r.c.RepositoryConfigurationDelegate : Bootstrapping Spring Data JPA repositories in DEFAULT mode.
2024-12-02 10:46:33.579  INFO 25480 --- [main] .s.d.r.c.RepositoryConfigurationDelegate : Finished Spring Data repository scanning in 45 ms. Found 1 JPA repository interfaces.
2024-12-02 10:46:34.291  INFO 25480 --- [main] o.s.b.w.embedded.tomcat.TomcatWebServer  : Tomcat initialized with port(s): 8080 (http)
2024-12-02 10:46:34.301  INFO 25480 --- [main] o.apache.catalina.core.StandardService   : Starting service [Tomcat]
2024-12-02 10:46:34.302  INFO 25480 --- [main] org.apache.catalina.core.StandardEngine  : Starting Servlet engine: [Apache Tomcat/9.0.65]
2024-12-02 10:46:35.230  INFO 25480 --- [main] o.a.c.c.C.[Tomcat].[localhost].[/]       : Initializing Spring embedded WebApplicationContext
2024-12-02 10:46:35.230  INFO 25480 --- [main] w.s.c.ServletWebServerApplicationContext : Root WebApplicationContext: initialization completed in 2512 ms
2024-12-02 10:46:35.413  INFO 25480 --- [main] com.zaxxer.hikari.HikariDataSource       : HikariPool-1 - Starting...
2024-12-02 10:46:35.594  INFO 25480 --- [main] com.zaxxer.hikari.HikariDataSource       : HikariPool-1 - Start completed.
2024-12-02 10:46:35.607  INFO 25480 --- [main] o.s.b.a.h2.H2ConsoleAutoConfiguration    : H2 console available at '/h2-console'. Database available at 'jdbc:h2:mem:testdb'
2024-12-02 10:46:35.791  INFO 25480 --- [main] o.hibernate.jpa.internal.util.LogHelper  : HHH000204: Processing PersistenceUnitInfo [name: default]
2024-12-02 10:46:35.850  INFO 25480 --- [main] org.hibernate.Version                    : HHH000412: Hibernate ORM core version 5.6.10.Final
2024-12-02 10:46:35.998  INFO 25480 --- [main] o.hibernate.annotations.common.Version   : HCANN000001: Hibernate Commons Annotations {5.1.2.Final}
2024-12-02 10:46:36.132  INFO 25480 --- [main] org.hibernate.dialect.Dialect            : HHH000400: Using dialect: org.hibernate.dialect.H2Dialect
2024-12-02 10:46:36.647  INFO 25480 --- [main] o.h.e.t.j.p.i.JtaPlatformInitiator       : HHH000490: Using JtaPlatform implementation: [org.hibernate.engine.transaction.jta.platform.internal.NoJtaPlatform]
2024-12-02 10:46:36.656  INFO 25480 --- [main] j.LocalContainerEntityManagerFactoryBean : Initialized JPA EntityManagerFactory for persistence unit 'default'
2024-12-02 10:46:37.164  WARN 25480 --- [main] JpaBaseConfiguration$JpaWebConfiguration : spring.jpa.open-in-view is enabled by default. Therefore, database queries may be performed during view rendering. Explicitly configure spring.jpa.open-in-view to disable this warning
2024-12-02 10:46:37.358  INFO 25480 --- [main] o.s.b.a.w.s.WelcomePageHandlerMapping    : Adding welcome page: class path resource [static/index.html]
2024-12-02 10:46:38.001  WARN 25480 --- [main] ion$DefaultTemplateResolverConfiguration : Cannot find template location: classpath:/templates/ (please add some templates or check your Thymeleaf configuration)
2024-12-02 10:46:38.212  INFO 25480 --- [main] o.s.b.a.e.web.EndpointLinksResolver      : Exposing 1 endpoint(s) beneath base path '/actuator'
2024-12-02 10:46:38.288  INFO 25480 --- [main] o.s.b.w.embedded.tomcat.TomcatWebServer  : Tomcat started on port(s): 8080 (http) with context path ''
2024-12-02 10:46:38.307  INFO 25480 --- [main] com.revature.SpringJsApplication         : Started SpringJsApplication in 6.121 seconds (JVM running for 6.633)
2024-12-02 10:46:45.440  INFO 25480 --- [SpringApplicationShutdownHook] j.LocalContainerEntityManagerFactoryBean : Closing JPA EntityManagerFactory for persistence unit 'default'
2024-12-02 10:46:45.446  INFO 25480 --- [SpringApplicationShutdownHook] com.zaxxer.hikari.HikariDataSource       : HikariPool-1 - Shutdown initiated...
2024-12-02 10:46:45.449  INFO 25480 --- [SpringApplicationShutdownHook] com.zaxxer.hikari.HikariDataSource       : HikariPool-1 - Shutdown completed.
